[313月2026 20:13:06.896] [main/INFO] [cpw.mods.modlauncher.Launcher/MODLAUNCHER]: ModLauncher running: args [--launchTarget, forgeclientdev, --version, 21.1.220, --assetIndex, asset-index, --assetsDir, C:\Users\au\.gradle\caches\minecraft\assets, --gameDir, ., --fml.fmlVersion, 4.0.42, --fml.mcVersion, 1.21.1, --fml.neoForgeVersion, 21.1.220, --fml.neoFormVersion, 20240808.144430]
[313月2026 20:13:06.899] [main/INFO] [cpw.mods.modlauncher.Launcher/MODLAUNCHER]: JVM identified as Oracle Corporation Java HotSpot(TM) 64-Bit Server VM 21.0.8+12-LTS-250
[313月2026 20:13:06.899] [main/INFO] [cpw.mods.modlauncher.Launcher/MODLAUNCHER]: ModLauncher 11.0.5+main.901c6ea8 starting: java version 21.0.8 by Oracle Corporation; OS Windows 11 arch amd64 version 10.0
[313月2026 20:13:06.980] [main/INFO] [net.neoforged.fml.loading.ImmediateWindowHandler/]: Loading ImmediateWindowProvider fmlearlywindow
[313月2026 20:13:07.056] [main/INFO] [EARLYDISPLAY/]: Trying GL version 4.6
[313月2026 20:13:07.219] [main/INFO] [EARLYDISPLAY/]: Requested GL version 4.6 got version 4.6
[313月2026 20:13:07.281] [main/INFO] [mixin/]: SpongePowered MIXIN Subsystem Version=0.8.7 Source=union:/C:/Users/au/.gradle/caches/modules-2/files-2.1/net.fabricmc/sponge-mixin/0.15.2+mixin.0.8.7/2af2f021d8e02a0220dc27a7a72b4666d66d44ca/sponge-mixin-0.15.2+mixin.0.8.7.jar%23142!/ Service=ModLauncher Env=CLIENT
[313月2026 20:13:07.359] [main/INFO] [net.neoforged.fml.loading.moddiscovery.ModDiscoverer/SCAN]: Found mod file "neoforge-21.1.220.jar" [locator: neoforge devenv provider ([H:\方可梦酒馆\新建文件夹\kaleidoscopecookerynibblemon-template-1.21.1\.gradle\repositories\ng_dummy_ng\net\neoforged\neoforge\21.1.220\neoforge-21.1.220.jar])]
[313月2026 20:13:07.380] [main/INFO] [net.neoforged.fml.loading.moddiscovery.ModDiscoverer/SCAN]: Found mod file "neoforge-21.1.220.jar" [locator: neoforge devenv provider ([H:\方可梦酒馆\新建文件夹\kaleidoscopecookerynibblemon-template-1.21.1\.gradle\repositories\ng_dummy_ng\net\neoforged\neoforge\21.1.220\neoforge-21.1.220.jar])]
[313月2026 20:13:07.386] [main/INFO] [net.neoforged.fml.loading.moddiscovery.ModDiscoverer/SCAN]: Found mod file "jei-1.21.1-neoforge-19.27.0.340.jar" [locator: {mods folder locator at H:\方可梦酒馆\新建文件夹\kaleidoscopecookerynibblemon-template-1.21.1\runs\client\mods}, reader: mod manifest]
[313月2026 20:13:07.389] [main/INFO] [net.neoforged.fml.loading.moddiscovery.ModDiscoverer/SCAN]: Found mod file "main" [locator: userdev mods and services, reader: mod manifest]
[313月2026 20:13:07.395] [main/INFO] [net.neoforged.fml.loading.moddiscovery.ModDiscoverer/SCAN]: Found mod file "neoforge-21.1.220.jar" [locator: userdev mods and services, reader: mod manifest]
[313月2026 20:13:07.397] [main/INFO] [net.neoforged.fml.loading.moddiscovery.ModDiscoverer/SCAN]: Found mod file "kaleidoscope-tavern-1475175-7785542.jar" [locator: userdev mods and services, reader: mod manifest]
[313月2026 20:13:07.413] [main/INFO] [net.neoforged.fml.loading.moddiscovery.ModDiscoverer/SCAN]: Found mod file "cobblemon-687131-7553231.jar" [locator: userdev mods and services, reader: mod manifest]
[313月2026 20:13:07.421] [pool-2-thread-1/INFO] [EARLYDISPLAY/]: GL info: NVIDIA GeForce RTX 3080/PCIe/SSE2 GL version 4.6.0 NVIDIA 591.86, NVIDIA Corporation
[313月2026 20:13:07.428] [main/INFO] [net.neoforged.fml.loading.moddiscovery.ModDiscoverer/SCAN]: Found mod file "cobblemon-1.7.3-neoforge.jar" [locator: userdev mods and services, reader: mod manifest]
[313月2026 20:13:07.437] [main/INFO] [net.neoforged.fml.loading.moddiscovery.ModDiscoverer/SCAN]: Found library file "kotlin-for-forge-5.11.0.jar" [locator: userdev mods and services, reader: mod manifest]
[313月2026 20:13:07.456] [main/INFO] [net.neoforged.fml.loading.moddiscovery.ModDiscoverer/SCAN]: Found gamelibrary file "mixinextras-neoforge-0.5.0.jar" [locator: userdev mods and services, reader: mod manifest]
[313月2026 20:13:07.726] [main/WARN] [net.neoforged.jarjar.selection.JarSelector/]: Attempted to select a dependency jar for JarJar which was passed in as source: library:mixinextras.neoforge. Using Mod File: C:\Users\au\.gradle\caches\modules-2\files-2.1\io.github.llamalad7\mixinextras-neoforge\0.5.0\d734b83ce6542bb70ea31755c1595b88992dbe65\mixinextras-neoforge-0.5.0.jar
[313月2026 20:13:07.726] [main/INFO] [net.neoforged.fml.loading.moddiscovery.locators.JarInJarDependencyLocator/]: Found 12 dependencies adding them to mods collection
[313月2026 20:13:07.726] [main/INFO] [net.neoforged.fml.loading.moddiscovery.ModDiscoverer/SCAN]: Found gamelibrary file "thedarkcolour.kfflib-5.11.0.jar" [parent: kotlin-for-forge-5.11.0.jar, locator: jarinjar, reader: mod manifest]
[313月2026 20:13:07.726] [main/INFO] [net.neoforged.fml.loading.moddiscovery.ModDiscoverer/SCAN]: Found library file "kotlinx-serialization-core-jvm-1.9.0.jar" [parent: kotlin-for-forge-5.11.0.jar, locator: jarinjar]
[313月2026 20:13:07.726] [main/INFO] [net.neoforged.fml.loading.moddiscovery.ModDiscoverer/SCAN]: Found mod file "thedarkcolour.kffmod-5.11.0.jar" [parent: kotlin-for-forge-5.11.0.jar, locator: jarinjar, reader: mod manifest]
[313月2026 20:13:07.726] [main/INFO] [net.neoforged.fml.loading.moddiscovery.ModDiscoverer/SCAN]: Found library file "kotlinx-coroutines-jdk8-1.10.2.jar" [parent: kotlin-for-forge-5.11.0.jar, locator: jarinjar]
[313月2026 20:13:07.726] [main/INFO] [net.neoforged.fml.loading.moddiscovery.ModDiscoverer/SCAN]: Found library file "kotlin-stdlib-2.3.0.jar" [parent: kotlin-for-forge-5.11.0.jar, locator: jarinjar]
[313月2026 20:13:07.726] [main/INFO] [net.neoforged.fml.loading.moddiscovery.ModDiscoverer/SCAN]: Found library file "kotlin-reflect-2.3.0.jar" [parent: kotlin-for-forge-5.11.0.jar, locator: jarinjar]
[313月2026 20:13:07.726] [main/INFO] [net.neoforged.fml.loading.moddiscovery.ModDiscoverer/SCAN]: Found library file "kotlinx-serialization-json-jvm-1.9.0.jar" [parent: kotlin-for-forge-5.11.0.jar, locator: jarinjar]
[313月2026 20:13:07.726] [main/INFO] [net.neoforged.fml.loading.moddiscovery.ModDiscoverer/SCAN]: Found library file "kotlinx-coroutines-core-jvm-1.10.2.jar" [parent: kotlin-for-forge-5.11.0.jar, locator: jarinjar]
[313月2026 20:13:07.726] [main/INFO] [net.neoforged.fml.loading.moddiscovery.ModDiscoverer/SCAN]: Found library file "net.neoforged.neoforge-coremods-21.1.220.jar" [parent: neoforge-21.1.220.jar, locator: jarinjar, reader: mod manifest]
[313月2026 20:13:07.726] [main/INFO] [net.neoforged.fml.loading.moddiscovery.ModDiscoverer/SCAN]: Found library file "kotlin-stdlib-jdk7-2.3.0.jar" [parent: kotlin-for-forge-5.11.0.jar, locator: jarinjar]
[313月2026 20:13:07.726] [main/INFO] [net.neoforged.fml.loading.moddiscovery.ModDiscoverer/SCAN]: Found library file "thedarkcolour.kfflang-5.11.0.jar" [parent: kotlin-for-forge-5.11.0.jar, locator: jarinjar, reader: mod manifest]
[313月2026 20:13:07.726] [main/INFO] [net.neoforged.fml.loading.moddiscovery.ModDiscoverer/SCAN]: Found library file "kotlin-stdlib-jdk8-2.3.0.jar" [parent: kotlin-for-forge-5.11.0.jar, locator: jarinjar]
[313月2026 20:13:07.727] [main/INFO] [net.neoforged.fml.loading.moddiscovery.ModDiscoverer/]: 
     Mod List:
		Name Version (Mod Id)

		Cobblemon 1.7.3+1.21.1 (cobblemon)
		Just Enough Items 19.27.0.340 (jei)
		Kaleidoscope Cookery: Nibblemon 1.0.0 (cobblemontavern)
		Kaleidoscope Tavern 1.0.1-neoforge+mc1.21.1 (kaleidoscope_tavern)
		Kotlin For Forge 5.11.0 (kotlinforforge)
		Minecraft 1.21.1 (minecraft)
		NeoForge 21.1.220 (neoforge)
[313月2026 20:13:08.176] [main/INFO] [mixin/]: Compatibility level set to JAVA_21
[313月2026 20:13:08.183] [main/INFO] [cpw.mods.modlauncher.LaunchServiceHandler/MODLAUNCHER]: Launching target 'forgeclientdev' with arguments [--version, 21.1.220, --gameDir, ., --assetsDir, C:\Users\au\.gradle\caches\minecraft\assets, --assetIndex, asset-index]
[313月2026 20:13:08.238] [main/WARN] [mixin/]: Reference map 'kaleidoscope_tavern.refmap.json' for kaleidoscope_tavern.mixins.json could not be read. If this is a development environment you can ignore this message
[313月2026 20:13:08.603] [main/WARN] [mixin/]: Error loading class: juuxel/adorn/block/variant/BlockVariantSets (java.lang.ClassNotFoundException: juuxel.adorn.block.variant.BlockVariantSets)
[313月2026 20:13:08.604] [main/WARN] [mixin/]: @Mixin target juuxel.adorn.block.variant.BlockVariantSets was not found mixins.cobblemon-common.json:invoker.AdornRegisterInvoker from mod cobblemon
[313月2026 20:13:08.774] [main/INFO] [MixinExtras|Service/]: Initializing MixinExtras via com.llamalad7.mixinextras.service.MixinExtrasServiceImpl(version=0.5.0).
[313月2026 20:13:09.825] [Datafixer Bootstrap/INFO] [com.mojang.datafixers.DataFixerBuilder/]: 229 Datafixer optimizations took 164 milliseconds
[313月2026 20:13:13.249] [main/WARN] [net.minecraft.commands.Commands/]: Ambiguity between arguments [teleport, location] and [teleport, destination] with inputs: [0.1 -0.5 .9, 0 0 0]
[313月2026 20:13:13.250] [main/WARN] [net.minecraft.commands.Commands/]: Ambiguity between arguments [teleport, location] and [teleport, targets] with inputs: [0.1 -0.5 .9, 0 0 0]
[313月2026 20:13:13.252] [main/WARN] [net.minecraft.commands.Commands/]: Ambiguity between arguments [teleport, destination] and [teleport, targets] with inputs: [Player, 0123, @e, dd12be42-52a9-4a91-a8a1-11c01849e498]
[313月2026 20:13:13.252] [main/WARN] [net.minecraft.commands.Commands/]: Ambiguity between arguments [teleport, targets] and [teleport, destination] with inputs: [Player, 0123, dd12be42-52a9-4a91-a8a1-11c01849e498]
[313月2026 20:13:13.252] [main/WARN] [net.minecraft.commands.Commands/]: Ambiguity between arguments [teleport, targets, location] and [teleport, targets, destination] with inputs: [0.1 -0.5 .9, 0 0 0]
[313月2026 20:13:13.350] [Render thread/WARN] [net.minecraft.server.packs.VanillaPackResourcesBuilder/]: Assets URL 'union:/H:/方可梦酒馆/新建文件夹/kaleidoscopecookerynibblemon-template-1.21.1/.gradle/repositories/ng_dummy_ng/net/neoforged/neoforge/21.1.220/neoforge-21.1.220.jar%23196!/assets/.mcassetsroot' uses unexpected schema
[313月2026 20:13:13.351] [Render thread/WARN] [net.minecraft.server.packs.VanillaPackResourcesBuilder/]: Assets URL 'union:/H:/方可梦酒馆/新建文件夹/kaleidoscopecookerynibblemon-template-1.21.1/.gradle/repositories/ng_dummy_ng/net/neoforged/neoforge/21.1.220/neoforge-21.1.220.jar%23196!/data/.mcassetsroot' uses unexpected schema
[313月2026 20:13:13.367] [Render thread/INFO] [com.mojang.authlib.yggdrasil.YggdrasilAuthenticationService/]: Environment: Environment[sessionHost=https://sessionserver.mojang.com, servicesHost=https://api.minecraftservices.com, name=PROD]
[313月2026 20:13:13.372] [Render thread/INFO] [net.minecraft.client.Minecraft/]: Setting user: Dev
[313月2026 20:13:13.426] [Render thread/INFO] [net.minecraft.client.Minecraft/]: Backend library: LWJGL version 3.3.3+5
[313月2026 20:13:13.602] [modloading-worker-0/INFO] [net.neoforged.neoforge.common.NeoForgeMod/NEOFORGE-MOD]: NeoForge mod loading, version 21.1.220, for MC 1.21.1
[313月2026 20:13:13.652] [modloading-worker-0/INFO] [com.au.cobblemontavern.CobblemonTavern/]: CobblemonTavern 模组初始化完成
[313月2026 20:13:13.683] [modloading-worker-0/INFO] [mezz.jei.library.load.PluginCaller/]: Sending ConfigManager...
[313月2026 20:13:13.686] [modloading-worker-0/INFO] [mezz.jei.library.load.PluginCaller/]: Sending ConfigManager took 2.144 milliseconds
[313月2026 20:13:13.805] [modloading-worker-0/INFO] [thedarkcolour.kotlinforforge.neoforge.test.KotlinForForge/]: Kotlin For Forge Enabled!
[313月2026 20:13:13.820] [modloading-worker-0/INFO] [com.cobblemon.mod.common.Cobblemon/]: Booting LaxPermissionValidator, permissions will be checked using Minecrafts permission level system, see https://minecraft.fandom.com/wiki/Permission_level
[313月2026 20:13:13.823] [modloading-worker-0/INFO] [com.cobblemon.mod.common.Cobblemon/]: Launching Cobblemon 1.7.3 
[313月2026 20:13:13.824] [modloading-worker-0/INFO] [com.cobblemon.mod.common.Cobblemon/]: Booting ForgePermissionApiPermissionValidator, player permissions will be checked using MinecraftForge' PermissionAPI, non player command sources will use Minecraft' permission level system, see https://docs.minecraftforge.net/en/latest/ and https://minecraft.fandom.com/wiki/Permission_level
[313月2026 20:13:14.060] [modloading-worker-0/INFO] [com.cobblemon.mod.common.Cobblemon/]: Starting the Best Spawner...
[313月2026 20:13:14.062] [modloading-worker-0/INFO] [com.cobblemon.mod.common.Cobblemon/]: Loaded 7 spawning condition types.
[313月2026 20:13:14.066] [modloading-worker-0/INFO] [com.cobblemon.mod.common.Cobblemon/]: Loaded 6 spawnable position types.
[313月2026 20:13:14.070] [modloading-worker-0/INFO] [com.cobblemon.mod.common.Cobblemon/]: Loaded 3 spawn detail types.
[313月2026 20:13:15.842] [Render thread/INFO] [net.neoforged.neoforge.gametest.GameTestHooks/]: Enabled Gametest Namespaces: [kaleidoscopecookerynibblemon]
[313月2026 20:13:16.034] [Render thread/INFO] [net.minecraft.server.packs.resources.ReloadableResourceManager/]: Reloading ResourceManager: vanilla, mod_resources, mod/kotlinforforge, mod/kaleidoscope_tavern, mod/cobblemontavern, mod/neoforge, mod/cobblemon, mod/jei
[313月2026 20:13:16.042] [Worker-Main-3/INFO] [com.cobblemon.mod.common.Cobblemon/]: Initializing...
[313月2026 20:13:16.043] [Cobblemon Showdown/INFO] [com.cobblemon.mod.common.Cobblemon/]: Starting showdown service...
[313月2026 20:13:16.102] [Worker-Main-14/INFO] [net.minecraft.client.gui.font.providers.UnihexProvider/]: Found unifont_all_no_pua-15.1.05.hex, loading
[313月2026 20:13:16.125] [Worker-Main-5/ERROR] [net.minecraft.Util/]: Invalid path in pack: cobblemon:textures/particle/vanilla/LICENSE, ignoring
[313月2026 20:13:16.126] [Worker-Main-5/ERROR] [net.minecraft.Util/]: Invalid path in pack: cobblemon:textures/particle/request/LICENSE, ignoring
[313月2026 20:13:16.126] [Worker-Main-5/ERROR] [net.minecraft.Util/]: Invalid path in pack: cobblemon:textures/particle/pokemon/LICENSE, ignoring
[313月2026 20:13:16.126] [Worker-Main-5/ERROR] [net.minecraft.Util/]: Invalid path in pack: cobblemon:textures/particle/pokemon/0218_slugma/LICENSE, ignoring
[313月2026 20:13:16.128] [Worker-Main-5/ERROR] [net.minecraft.Util/]: Invalid path in pack: cobblemon:textures/particle/moves/LICENSE, ignoring
[313月2026 20:13:16.128] [Worker-Main-5/ERROR] [net.minecraft.Util/]: Invalid path in pack: cobblemon:textures/particle/generic/water/LICENSE, ignoring
[313月2026 20:13:16.129] [Worker-Main-5/ERROR] [net.minecraft.Util/]: Invalid path in pack: cobblemon:textures/particle/generic/status/LICENSE, ignoring
[313月2026 20:13:16.130] [Worker-Main-5/ERROR] [net.minecraft.Util/]: Invalid path in pack: cobblemon:textures/particle/generic/sparkle/LICENSE, ignoring
[313月2026 20:13:16.131] [Worker-Main-5/ERROR] [net.minecraft.Util/]: Invalid path in pack: cobblemon:textures/particle/generic/smoke/LICENSE, ignoring
[313月2026 20:13:16.131] [Worker-Main-5/ERROR] [net.minecraft.Util/]: Invalid path in pack: cobblemon:textures/particle/generic/ring/LICENSE, ignoring
[313月2026 20:13:16.132] [Worker-Main-5/ERROR] [net.minecraft.Util/]: Invalid path in pack: cobblemon:textures/particle/generic/psychic/LICENSE, ignoring
[313月2026 20:13:16.132] [Worker-Main-5/ERROR] [net.minecraft.Util/]: Invalid path in pack: cobblemon:textures/particle/generic/orb/LICENSE, ignoring
[313月2026 20:13:16.132] [Worker-Main-5/ERROR] [net.minecraft.Util/]: Invalid path in pack: cobblemon:textures/particle/generic/mud/LICENSE, ignoring
[313月2026 20:13:16.134] [Worker-Main-5/ERROR] [net.minecraft.Util/]: Invalid path in pack: cobblemon:textures/particle/generic/impact/LICENSE, ignoring
[313月2026 20:13:16.134] [Worker-Main-5/ERROR] [net.minecraft.Util/]: Invalid path in pack: cobblemon:textures/particle/generic/ice/LICENSE, ignoring
[313月2026 20:13:16.135] [Worker-Main-5/ERROR] [net.minecraft.Util/]: Invalid path in pack: cobblemon:textures/particle/generic/grass/LICENSE, ignoring
[313月2026 20:13:16.135] [Worker-Main-5/ERROR] [net.minecraft.Util/]: Invalid path in pack: cobblemon:textures/particle/generic/goo/LICENSE, ignoring
[313月2026 20:13:16.136] [Worker-Main-5/ERROR] [net.minecraft.Util/]: Invalid path in pack: cobblemon:textures/particle/generic/fire/LICENSE, ignoring
[313月2026 20:13:16.136] [Worker-Main-5/ERROR] [net.minecraft.Util/]: Invalid path in pack: cobblemon:textures/particle/generic/electricity/LICENSE, ignoring
[313月2026 20:13:16.138] [Worker-Main-5/ERROR] [net.minecraft.Util/]: Invalid path in pack: cobblemon:textures/particle/generic/bubble/LICENSE, ignoring
[313月2026 20:13:16.138] [Worker-Main-5/ERROR] [net.minecraft.Util/]: Invalid path in pack: cobblemon:textures/particle/generic/LICENSE, ignoring
[313月2026 20:13:16.138] [Worker-Main-5/ERROR] [net.minecraft.Util/]: Invalid path in pack: cobblemon:textures/particle/balls/ultraball/casual/LICENSE, ignoring
[313月2026 20:13:16.138] [Worker-Main-5/ERROR] [net.minecraft.Util/]: Invalid path in pack: cobblemon:textures/particle/balls/ultraball/battle/LICENSE, ignoring
[313月2026 20:13:16.138] [Worker-Main-5/ERROR] [net.minecraft.Util/]: Invalid path in pack: cobblemon:textures/particle/balls/ultraball/LICENSE, ignoring
[313月2026 20:13:16.139] [Worker-Main-5/ERROR] [net.minecraft.Util/]: Invalid path in pack: cobblemon:textures/particle/balls/timerball/casual/LICENSE, ignoring
[313月2026 20:13:16.140] [Worker-Main-5/ERROR] [net.minecraft.Util/]: Invalid path in pack: cobblemon:textures/particle/balls/timerball/battle/LICENSE, ignoring
[313月2026 20:13:16.140] [Worker-Main-5/ERROR] [net.minecraft.Util/]: Invalid path in pack: cobblemon:textures/particle/balls/timerball/LICENSE, ignoring
[313月2026 20:13:16.143] [Worker-Main-4/INFO] [net.minecraft.client.gui.font.providers.UnihexProvider/]: Found unifont_jp_patch-15.1.05.hex, loading
[313月2026 20:13:16.152] [Worker-Main-5/ERROR] [net.minecraft.Util/]: Invalid path in pack: cobblemon:textures/particle/balls/LICENSE, ignoring
[313月2026 20:13:16.196] [Worker-Main-10/WARN] [net.minecraft.client.sounds.SoundManager/]: File cobblemon:sounds/pokemon/ponyta/galarian_ponyta_cry.ogg does not exist, cannot add it to event cobblemon:pokemon.ponyta_galar.cry
[313月2026 20:13:16.250] [Worker-Main-13/WARN] [net.minecraft.client.renderer.texture.SpriteContents/]: Unused frames in sprite kaleidoscope_tavern:block/deco/painting/tartaric_acid: [2]
[313月2026 20:13:16.309] [Worker-Main-6/WARN] [net.minecraft.client.renderer.texture.SpriteLoader/]: Texture cobblemon:block/decorative/spell_tag with size 8x8 limits mip level from 4 to 3
[313月2026 20:13:16.658] [Worker-Main-13/WARN] [net.minecraft.client.resources.model.BlockStateModelLoader/]: Exception loading blockstate definition: 'cobblemontavern:blockstates/maotai.json' missing model for variant: 'cobblemontavern:maotai#'
[313月2026 20:13:16.659] [Worker-Main-13/WARN] [net.minecraft.client.resources.model.BlockStateModelLoader/]: Exception loading blockstate definition: 'cobblemontavern:blockstates/wuliangye.json' missing model for variant: 'cobblemontavern:wuliangye#'
[313月2026 20:13:16.659] [Worker-Main-13/WARN] [net.minecraft.client.resources.model.BlockStateModelLoader/]: Exception loading blockstate definition: 'cobblemontavern:blockstates/guangxi_gongwenbao.json' missing model for variant: 'cobblemontavern:guangxi_gongwenbao#'
[313月2026 20:13:16.837] [Worker-Main-13/WARN] [net.minecraft.client.resources.model.ModelBakery/]: Unable to load model: 'cobblemontavern:item/maotai' referenced from: cobblemontavern:item/maotai: java.io.FileNotFoundException: cobblemontavern:models/item/maotai.json
[313月2026 20:13:16.838] [Worker-Main-13/WARN] [net.minecraft.client.resources.model.ModelBakery/]: Unable to load model: 'cobblemontavern:item/guangxi_gongwenbao' referenced from: cobblemontavern:item/guangxi_gongwenbao: java.io.FileNotFoundException: cobblemontavern:models/item/guangxi_gongwenbao.json
[313月2026 20:13:16.841] [Worker-Main-13/WARN] [net.minecraft.client.resources.model.ModelBakery/]: Unable to load model: 'cobblemontavern:item/wuliangye' referenced from: cobblemontavern:item/wuliangye: java.io.FileNotFoundException: cobblemontavern:models/item/wuliangye.json
[313月2026 20:13:17.465] [Worker-Main-13/WARN] [net.minecraft.client.resources.model.ModelManager/]: Missing textures in model cobblemon:relic_coin_pouch#inventory:
    minecraft:textures/atlas/blocks.png:cobblemon:block/decorative_items/relic_coin_pouch
[313月2026 20:13:18.137] [Cobblemon Showdown/INFO] [com.cobblemon.mod.common.Cobblemon/]: Showdown has been started!
[313月2026 20:13:18.138] [Worker-Main-3/INFO] [com.cobblemon.mod.common.Cobblemon/]: Note: Cobblemon data registries are only loaded once per server instance as Pokémon species are not safe to reload.
[313月2026 20:13:18.138] [Worker-Main-3/INFO] [com.cobblemon.mod.common.Cobblemon/]: Registered the cobblemon:molang registry
[313月2026 20:13:18.140] [Worker-Main-3/INFO] [com.cobblemon.mod.common.Cobblemon/]: Registered the cobblemon:species_features registry
[313月2026 20:13:18.141] [Worker-Main-3/INFO] [com.cobblemon.mod.common.Cobblemon/]: Registered the cobblemon:global_species_features registry
[313月2026 20:13:18.142] [Worker-Main-3/INFO] [com.cobblemon.mod.common.Cobblemon/]: Registered the cobblemon:species_feature_assignments registry
[313月2026 20:13:18.150] [Worker-Main-3/INFO] [com.cobblemon.mod.common.Cobblemon/]: Registered the cobblemon:action_effects registry
[313月2026 20:13:18.150] [Worker-Main-3/INFO] [com.cobblemon.mod.common.Cobblemon/]: Registered the cobblemon:moves registry
[313月2026 20:13:18.152] [Worker-Main-3/INFO] [com.cobblemon.mod.common.Cobblemon/]: Registered the cobblemon:abilities registry
[313月2026 20:13:18.153] [Worker-Main-3/INFO] [com.cobblemon.mod.common.Cobblemon/]: Registered the cobblemon:behaviours registry
[313月2026 20:13:18.153] [Worker-Main-3/INFO] [com.cobblemon.mod.common.Cobblemon/]: Registered the cobblemon:species registry
[313月2026 20:13:18.153] [Worker-Main-3/INFO] [com.cobblemon.mod.common.Cobblemon/]: Registered the cobblemon:species_additions registry
[313月2026 20:13:18.153] [Worker-Main-3/INFO] [com.cobblemon.mod.common.Cobblemon/]: Registered the cobblemon:pokeballs registry
[313月2026 20:13:18.153] [Worker-Main-3/INFO] [com.cobblemon.mod.common.Cobblemon/]: Registered the cobblemon:properties_tab_completion registry
[313月2026 20:13:18.153] [Worker-Main-3/INFO] [com.cobblemon.mod.common.Cobblemon/]: Registered the cobblemon:spawn_detail_presets registry
[313月2026 20:13:18.157] [Worker-Main-3/INFO] [com.cobblemon.mod.common.Cobblemon/]: Registered the cobblemon:spawn_rules registry
[313月2026 20:13:18.165] [Worker-Main-3/INFO] [com.cobblemon.mod.common.Cobblemon/]: Registered the cobblemon:mechanics registry
[313月2026 20:13:18.165] [Worker-Main-3/INFO] [com.cobblemon.mod.common.Cobblemon/]: Registered the cobblemon:bag_items registry
[313月2026 20:13:18.166] [Worker-Main-3/INFO] [com.cobblemon.mod.common.Cobblemon/]: Registered the cobblemon:held_items registry
[313月2026 20:13:18.168] [Worker-Main-3/INFO] [com.cobblemon.mod.common.Cobblemon/]: Registered the cobblemon:dialogues registry
[313月2026 20:13:18.168] [Worker-Main-3/INFO] [com.cobblemon.mod.common.Cobblemon/]: Registered the cobblemon:natural_materials registry
[313月2026 20:13:18.169] [Worker-Main-3/INFO] [com.cobblemon.mod.common.Cobblemon/]: Registered the cobblemon:fossils registry
[313月2026 20:13:18.172] [Worker-Main-3/INFO] [com.cobblemon.mod.common.Cobblemon/]: Registered the cobblemon:npc_preset registry
[313月2026 20:13:18.173] [Worker-Main-3/INFO] [com.cobblemon.mod.common.Cobblemon/]: Registered the cobblemon:npc registry
[313月2026 20:13:18.173] [Worker-Main-3/INFO] [com.cobblemon.mod.common.Cobblemon/]: Registered the cobblemon:dex_entries registry
[313月2026 20:13:18.174] [Worker-Main-3/INFO] [com.cobblemon.mod.common.Cobblemon/]: Registered the cobblemon:dex_entry_additions registry
[313月2026 20:13:18.176] [Worker-Main-3/INFO] [com.cobblemon.mod.common.Cobblemon/]: Registered the cobblemon:dexes registry
[313月2026 20:13:18.176] [Worker-Main-3/INFO] [com.cobblemon.mod.common.Cobblemon/]: Registered the cobblemon:dex_additions registry
[313月2026 20:13:18.177] [Worker-Main-3/INFO] [com.cobblemon.mod.common.Cobblemon/]: Registered the cobblemon:cosmetic_items registry
[313月2026 20:13:18.178] [Worker-Main-3/INFO] [com.cobblemon.mod.common.Cobblemon/]: Registered the cobblemon:callbacks registry
[313月2026 20:13:18.178] [Worker-Main-3/INFO] [com.cobblemon.mod.common.Cobblemon/]: Registered the cobblemon:unlockable_pc_box_wallpapers registry
[313月2026 20:13:18.179] [Worker-Main-3/INFO] [com.cobblemon.mod.common.Cobblemon/]: Registered the cobblemon:marks registry
[313月2026 20:13:18.179] [Worker-Main-3/INFO] [com.cobblemon.mod.common.Cobblemon/]: Registered the cobblemon:starters registry
[313月2026 20:13:18.182] [Worker-Main-3/INFO] [com.cobblemon.mod.common.Cobblemon/]: Registered the cobblemon:spawn_pool_world registry
[313月2026 20:13:18.182] [Worker-Main-3/INFO] [com.cobblemon.mod.common.Cobblemon/]: Registered the cobblemon:pokerods registry
[313月2026 20:13:18.187] [Worker-Main-3/INFO] [com.cobblemon.mod.common.Cobblemon/]: Registered the cobblemon:berries registry
[313月2026 20:13:18.188] [Worker-Main-3/INFO] [com.cobblemon.mod.common.Cobblemon/]: Registered the cobblemon:seasonings registry
[313月2026 20:13:18.191] [Worker-Main-3/INFO] [com.cobblemon.mod.common.Cobblemon/]: Registered the cobblemon:pokemon_interactions registry
[313月2026 20:13:18.191] [Worker-Main-3/INFO] [com.cobblemon.mod.common.Cobblemon/]: Registered the cobblemon:spawn_bait_effects registry
[313月2026 20:13:18.192] [Worker-Main-3/INFO] [com.cobblemon.mod.common.Cobblemon/]: Registered the cobblemon:ride_settings registry
[313月2026 20:13:18.262] [Render thread/INFO] [com.cobblemon.mod.common.Cobblemon/]: Initializing Cobblemon client
[313月2026 20:13:18.273] [Render thread/INFO] [com.cobblemon.mod.common.Cobblemon/]: Registering Pokémon renderer
[313月2026 20:13:18.274] [Render thread/INFO] [com.cobblemon.mod.common.Cobblemon/]: Registering PokéBall renderer
[313月2026 20:13:18.274] [Render thread/INFO] [com.cobblemon.mod.common.Cobblemon/]: Registering Boat renderer
[313月2026 20:13:18.274] [Render thread/INFO] [com.cobblemon.mod.common.Cobblemon/]: Registering Boat with Chest renderer
[313月2026 20:13:18.275] [Render thread/INFO] [com.cobblemon.mod.common.Cobblemon/]: Registering Generic Bedrock renderer
[313月2026 20:13:18.275] [Render thread/INFO] [com.cobblemon.mod.common.Cobblemon/]: Registering Generic Bedrock Entity renderer
[313月2026 20:13:18.275] [Render thread/INFO] [com.cobblemon.mod.common.Cobblemon/]: Registering PokeRod Bobber renderer
[313月2026 20:13:18.275] [Render thread/INFO] [com.cobblemon.mod.common.Cobblemon/]: Registering NPC renderer
[313月2026 20:13:18.279] [Render thread/INFO] [com.cobblemon.mod.common.Cobblemon/]: Registering custom BuiltinItemRenderers
[313月2026 20:13:18.567] [Render thread/WARN] [net.minecraft.client.sounds.SoundEngine/]: Missing sound for event: minecraft:item.goat_horn.play
[313月2026 20:13:18.567] [Render thread/WARN] [net.minecraft.client.sounds.SoundEngine/]: Missing sound for event: minecraft:entity.goat.screaming.horn_break
[313月2026 20:13:18.567] [Render thread/WARN] [net.minecraft.client.sounds.SoundEngine/]: Missing sound for event: cobblemon:ride.loop.leather
[313月2026 20:13:18.567] [Render thread/WARN] [net.minecraft.client.sounds.SoundEngine/]: Missing sound for event: cobblemon:ride.loop.plumage
[313月2026 20:13:18.614] [Render thread/INFO] [com.mojang.blaze3d.audio.Library/]: OpenAL initialized on device OpenAL Soft on Mi TV (NVIDIA High Definition Audio)
[313月2026 20:13:18.614] [Render thread/INFO] [net.minecraft.client.sounds.SoundEngine/SOUNDS]: Sound engine started
[313月2026 20:13:18.672] [Render thread/INFO] [net.minecraft.client.renderer.texture.TextureAtlas/]: Created: 2048x1024x4 minecraft:textures/atlas/blocks.png-atlas
[313月2026 20:13:18.678] [Render thread/INFO] [net.minecraft.client.renderer.texture.TextureAtlas/]: Created: 256x256x4 minecraft:textures/atlas/signs.png-atlas
[313月2026 20:13:18.678] [Render thread/INFO] [net.minecraft.client.renderer.texture.TextureAtlas/]: Created: 512x512x4 minecraft:textures/atlas/banner_patterns.png-atlas
[313月2026 20:13:18.679] [Render thread/INFO] [net.minecraft.client.renderer.texture.TextureAtlas/]: Created: 512x512x4 minecraft:textures/atlas/shield_patterns.png-atlas
[313月2026 20:13:18.680] [Render thread/INFO] [net.minecraft.client.renderer.texture.TextureAtlas/]: Created: 2048x1024x4 minecraft:textures/atlas/armor_trims.png-atlas
[313月2026 20:13:18.681] [Render thread/INFO] [net.minecraft.client.renderer.texture.TextureAtlas/]: Created: 128x128x4 minecraft:textures/atlas/decorated_pot.png-atlas
[313月2026 20:13:18.681] [Render thread/INFO] [net.minecraft.client.renderer.texture.TextureAtlas/]: Created: 256x256x4 minecraft:textures/atlas/chest.png-atlas
[313月2026 20:13:18.681] [Render thread/INFO] [net.minecraft.client.renderer.texture.TextureAtlas/]: Created: 512x256x4 minecraft:textures/atlas/shulker_boxes.png-atlas
[313月2026 20:13:18.681] [Render thread/INFO] [net.minecraft.client.renderer.texture.TextureAtlas/]: Created: 512x256x4 minecraft:textures/atlas/beds.png-atlas
[313月2026 20:13:18.728] [Render thread/INFO] [net.minecraft.client.renderer.texture.TextureAtlas/]: Created: 4096x1024x0 minecraft:textures/atlas/particles.png-atlas
[313月2026 20:13:18.731] [Render thread/INFO] [net.minecraft.client.renderer.texture.TextureAtlas/]: Created: 512x256x0 minecraft:textures/atlas/paintings.png-atlas
[313月2026 20:13:18.732] [Render thread/INFO] [net.minecraft.client.renderer.texture.TextureAtlas/]: Created: 256x128x0 minecraft:textures/atlas/mob_effects.png-atlas
[313月2026 20:13:18.732] [Render thread/INFO] [net.minecraft.client.renderer.texture.TextureAtlas/]: Created: 64x64x0 minecraft:textures/atlas/map_decorations.png-atlas
[313月2026 20:13:18.732] [Render thread/INFO] [net.minecraft.client.renderer.texture.TextureAtlas/]: Created: 1024x512x0 minecraft:textures/atlas/gui.png-atlas
[313月2026 20:13:18.740] [Render thread/WARN] [net.minecraft.client.renderer.ShaderInstance/]: Shader rendertype_entity_cutout could not find uniform named IViewRotMat in the specified shader program.
[313月2026 20:13:18.743] [Render thread/WARN] [net.minecraft.client.renderer.ShaderInstance/]: Shader rendertype_entity_translucent could not find uniform named IViewRotMat in the specified shader program.
[313月2026 20:13:18.743] [Render thread/WARN] [net.minecraft.client.renderer.ShaderInstance/]: Shader rendertype_entity_translucent_emissive could not find sampler named Sampler2 in the specified shader program.
[313月2026 20:13:18.768] [Render thread/WARN] [net.minecraft.client.renderer.ShaderInstance/]: Shader cobblemon:particle_add could not find sampler named Sampler2 in the specified shader program.
[313月2026 20:13:18.768] [Render thread/WARN] [net.minecraft.client.renderer.ShaderInstance/]: Shader cobblemon:particle_cutout could not find sampler named Sampler2 in the specified shader program.
[313月2026 20:13:18.782] [Render thread/INFO] [net.neoforged.neoforge.client.entity.animation.json.AnimationLoader/]: Loaded 0 entity animations
[313月2026 20:13:18.783] [Render thread/INFO] [net.minecraft.client.renderer.texture.TextureAtlas/]: Created: 128x128x0 cobblemon:textures/atlas/berries.png-atlas
[313月2026 20:13:18.783] [Render thread/INFO] [com.cobblemon.mod.common.Cobblemon/]: Loading assets...
[313月2026 20:13:18.783] [Render thread/INFO] [com.cobblemon.mod.common.Cobblemon/]: Loading particle effects...
[313月2026 20:13:18.887] [Render thread/INFO] [com.cobblemon.mod.common.Cobblemon/]: Loaded 968 particle effects
[313月2026 20:13:18.900] [Render thread/INFO] [com.cobblemon.mod.common.Cobblemon/]: Loading animations...
[313月2026 20:13:20.709] [Render thread/INFO] [com.cobblemon.mod.common.Cobblemon/]: Loaded 8805 animations from 975 animation groups
[313月2026 20:13:20.709] [Render thread/INFO] [com.cobblemon.mod.common.Cobblemon/]: Loading varying Bedrock assets...
[313月2026 20:13:20.938] [Render thread/INFO] [com.cobblemon.mod.common.Cobblemon/]: Loaded 1125 models.
[313月2026 20:13:21.165] [Render thread/INFO] [com.cobblemon.mod.common.Cobblemon/]: Loaded 1039 posers.
[313月2026 20:13:21.193] [Render thread/INFO] [com.cobblemon.mod.common.Cobblemon/]: Loaded 2654 variations.
[313月2026 20:13:21.196] [Render thread/INFO] [com.cobblemon.mod.common.Cobblemon/]: Loaded 72 berry models
[313月2026 20:13:21.198] [Render thread/INFO] [com.cobblemon.mod.common.Cobblemon/]: Loaded 5 misc models
[313月2026 20:13:21.198] [Render thread/INFO] [com.cobblemon.mod.common.Cobblemon/]: Loaded assets
[313月2026 20:13:21.198] [Render thread/INFO] [net.minecraft.client.renderer.texture.TextureAtlas/]: Created: 256x256x0 jei:textures/atlas/gui.png-atlas
[313月2026 20:13:23.669] [Render thread/INFO] [net.minecraft.client.Minecraft/]: Stopping!
